=== Заморозка этрусского корпуса (этап 0), нормализация v0.1 ===
вход: etruscan_larth.csv  sha256=e00bbff1858dbfd2…
вход: ETP_fix.csv  sha256=8565fb95af147f35…
вход: CIEP_pymupdf.csv  sha256=8ab2d7b7ba1102af…

larth: 7139 строк = ETP-часть 561 + CIEP-часть 6578
сверка ETP_fix ⊆ larth(ETP-часть): не найдено 0 из 561 (ожидание: 0)
ETP-часть: 528 записей после слияния 33 строк-дублей (влитых вариантов перевода: 8)
сверка larth(CIEP-часть) ↔ CIEP_pymupdf: текст=T 4193, текст=C 2385, не сопоставлено 0 (ожидание: 0)
CIEP-часть: 5833 записей (чтение C: 3005, только T: 2828); двойных чтений T&C: 1159
join Бурман (по записям): {'eid найден': 3235, 'есть регион': 2638, 'флаг forgery?': 87, 'язык → fal (Bakkum)': 116, 'язык → lat (только CIL)': 154}
supplements: файлов 1, записей 2

=== внутренние проверки ===
уникальность rid: дублей 0 (ожидание: 0)
потерь букв (raw ↔ токены, по буквенному составу): 0/6363 записей (100.00% прошло)
датировки с y_from < y_to (годы до н.э., ожидание 0): 0
ETP-часть: dash-split не применялся (конвенция); CIEP-часть: токенов, разрезанных по одиночному дефису: 33
выброшенные при чистке токены (без букв): 1
вычищенные символы: {'1': 1, '?': 1}
записи lang=etr с caps-токенами (кандидаты в латинские, проверить глазами): ['ETP:ETP 74#6']

=== состав корпуса ===
src: {'CIEP': 5833, 'ETP': 528, 'SUPP': 2}
lang: {'cel': 11, 'etr': 5972, 'etr-lat': 2, 'fal': 116, 'lat': 167, 'umb': 95}
kind: {'abecedarium?': 2, 'text': 6361}
seg: {'long-unseg': 654, 'multi': 1243, 'single': 4466}
reading: {'': 530, 'C': 3005, 'T': 2828}
region: {'∅': 3572, 'Cl': 1069, 'Pe': 366, 'Ta': 215, 'Vs': 169, 'AS': 160, 'AT': 128, 'Vc': 118, 'Cr': 82, 'Ar': 61, 'Cm': 52, 'AV': 48, 'Vt': 46, 'Ve': 42, 'Co': 36, 'AH': 35, 'Ad': 32, 'Fa': 29, 'Ru': 25, 'La': 22, 'Vn': 17, 'Fs': 14, 'OA': 9, 'OI': 7, 'Po': 4, 'Um': 2, 'Sp': 1, 'Li': 1, 'Af': 1}
записей с флагом forgery?: 87

=== канонические числа (lang=etr, kind=text, без forgery?) ===
записей: 5885; словоформ-токенов: 8769; типов: 5816; гапаксов: 4822 (83%)
числительных-токенов: 26; лакун-токенов: 37
записей с переводом: 2249 (38%)
  ETP: записей 518, токенов 2214, типов 1293, с переводом 222
  CIEP: записей 5365, токенов 6497, типов 4670, с переводом 2027
  SUPP: записей 2, токенов 58, типов 53, с переводом 0
записей вида с регионом или городом: 3040 (52%)
флаги токенов: {'braced': 10, 'caps': 1, 'damaged': 548, 'emended': 71, 'expanded': 1805, 'line_split': 19, 'restored': 292, 'scribal_extra': 125, 'stripped_chars': 1, 'uncertain': 47}
ascii-типов: ETP 1227, CIEP 4670, общих 293 — сопоставимость частей

записан data\etr_corpus.pkl: 6363 записей, sha256=562e69b0d1c4f49c8b009f84c929db6c01cea4502ea318e47b78afa60f5732fa
записана выборка для ручной сверки: validation\sample50.md
