=== §10: секции LL по датам + рукописная валидация ===
точных строк: 121; классы: CAL:10, VACL:14, THEO:12, OFFER:24, VERB-R:37, CONJ:18
CAL-строк: 10; CAL-серий (начал секций): 8

--- T1: расстояние красных линий до ближайшей CAL-позиции ---
  граница 111.5: ближайшая CAL-строка на расстоянии 0.5
  граница 230.5: ближайшая CAL-строка на расстоянии 2.5
T1 нуль A (k=10 позиций): obs=3.0, нуль 15.2±12.1, p=0.0882
T1 нуль B (начала серий, k=8): obs=3.0, нуль 19.7±15.5, p=0.0596

секций: 9; размеры: медиана 8, мин 3, макс 45

--- T2: классовые пары в одной секции (совместный нуль сдвигов) ---
  VACL+THEO     секций вместе:  4 (нуль 2.4); raw p=0.0597
  VACL+OFFER    секций вместе:  4 (нуль 3.4); raw p=0.5087
  THEO+OFFER    секций вместе:  5 (нуль 4.6); raw p=0.5171
  VERB-R+THEO     секций вместе:  6 (нуль 4.8); raw p=0.2351
  VERB-R+VACL     секций вместе:  6 (нуль 4.8); raw p=0.2180
  VERB-R+OFFER    секций вместе:  6 (нуль 5.5); raw p=0.5432
  семейная поправка (min-p, общий сдвиг): худший случай p̃<= 0.8953 для лучшей пары; консервативно Bonferroni x6

--- T3: средняя позиция класса в секции (0=начало, 1=конец) ---
  VACL    средн. позиция 0.498; p(раньше)=0.5084, p(позже)=0.4917 (raw, двусторонне x2, семья x5)
  THEO    средн. позиция 0.434; p(раньше)=0.2624, p(позже)=0.7377 (raw, двусторонне x2, семья x5)
  OFFER   средн. позиция 0.456; p(раньше)=0.2354, p(позже)=0.7647 (raw, двусторонне x2, семья x5)
  VERB-R  средн. позиция 0.454; p(раньше)=0.1361, p(позже)=0.8640 (raw, двусторонне x2, семья x5)
  CONJ    средн. позиция 0.535; p(раньше)=0.6061, p(позже)=0.3940 (raw, двусторонне x2, семья x5)

чтение: T1 — совпадают ли рукописные границы глав с началом датированных секций; T2/T3 — устойчивая ли внутренняя структура секций. Ограничения: 121 точная строка из ~240 (интервальные вне выборки); границы красных линий с точностью ±1–2 позиции (§9.1).
