=== §9.1: Herbig Index verborum → карта (col,line) и выравнивание с F&W ===
статей индекса (заголовочный x): 260
разобрано статей: 208; не разобрано: 52; ссылок (слово,кол,строка): 1008
строк Herbig с ≥1 словом (индекс, без γ/FN): 205; по колонкам: I:10, II:16, III:15, IV:20, V:21, VI:16, VII:21, VIII:16, IX:20, X:21, XI:16, XII:13
Textus-разбор: 93 строк, новых строк 10, добавлено слов 200; итого строк: 215; по колонкам: I:11, II:16, III:17, IV:22, V:23, VI:16, VII:22, VIII:16, IX:22, X:21, XI:16, XII:13
Adnotationes-разбор: 123 строк, новых 10, добавлено слов 123; итого строк: 225; по колонкам: I:14, II:16, III:17, IV:22, V:23, VI:16, VII:23, VIII:17, IX:22, X:22, XI:18, XII:15
индекс записан: data\external\cie_online\herbig_ll_index.csv

выравнивание: 121 точных строк F&W × 225 строк Herbig
DP-пар: 116; с Жаккаром ≥0.2: 71 (средний J=0.41)
колонки Herbig → диапазон позиций F&W (по выровненным):
  Col. III   позиции 45–52 (n=7)
  Col. IV    позиции 56–74 (n=11)
  Col. VI    позиции 108–120 (n=9)
  Col. VII   позиции 125–142 (n=15)
  Col. IX    позиции 180–197 (n=17)
  Col. X     позиции 203–224 (n=11)
  Col. XI    позиции 234–234 (n=1)

интервальных строк F&W: 99; получили кандидата (col,line) с J≥0.25: 54
выравнивание записано: results\herbig_fw_alignment.csv

чтение: разведочный слой; Жаккар занижен (индекс содержит только уверенные чтения Herbig, F&W-строки — только уцелевшие слова). Структурные якоря издания (красные линии VI 8/9, XI 13/14 и др.) — в data/supplements/herbig_ll_structure.md.
