=== Аудит Sol №3: context-only якорный граф (label propagation) ===
корпус v0.8; канонический вид: 6788 записей
чистые записи (src!=CIEP, >=2 содержательных слов): 1045 (у Sol порог по всем W-токенам: 1249)
ETP-меток всего: 590; типов с freq>=2: 596; якорей: 178 (FUNC=16, NAME-F=27, NAME-M=88, THEO=10, VERB=37); у Sol: 181
контексты: топ-500; ненулевых якорных векторов: 168/178 (у Sol: 171/181)
family-blocked фолды (механизм Sol, rng(SEED+4)): 160 strip_case-семей; размеры фолдов: [35, 35, 33, 42, 33]

--- Базлайн Sol: ближайший PPMI-центроид (те же 5 фолдов) ---
верификация механизма под настройками Sol (raw-порог, most_common, rng(20260710+4)): 1244 записей, 181 якорей; balanced=0.39072, macro-F1=0.39145, VERB F1=0.57143
эталон Sol (JSON): balanced=0.39072, macro-F1=0.39145, VERB F1=0.57143 — совпадение подтверждает реализацию; далее числа на спецификации этого скрипта (SEED=42, порог по содержательным словам, сортированные контексты)
acc=49.4% (majority=49.4%), balanced=35.3%, macro-F1=0.356
ориентир Sol (seed 20260710): acc=51.9%, balanced=39.1%, macro-F1=0.391, VERB F1=0.571
  FUNC    support= 16 P=0.074 R=0.125 F1=0.093
  NAME-F  support= 27 P=0.375 R=0.444 F1=0.407
  NAME-M  support= 88 P=0.700 R=0.636 F1=0.667
  THEO    support= 10 P=0.125 R=0.100 F1=0.111
  VERB    support= 37 P=0.548 R=0.459 F1=0.500
  confusion (истина\предсказание):
              FUNC  NAME-F  NAME-M    THEO    VERB
  FUNC           2       2       6       2       4
  NAME-F         4      12      10       0       1
  NAME-M        11      15      56       1       5
  THEO           4       0       1       1       4
  VERB           6       3       7       4      17
VERB F1 базлайна = 0.500 (ориентир Sol: 0.571)

--- Граф: kNN k=10 по косинусу PPMI (узлы: freq>=2) ---
узлов: 584 (якорей 178, неякорных 406); якорей с нулевым контекстным вектором: 10 (оставлены узлами для сопоставимости оценки; изолированы)
направленных рёбер после симметризации: 6568; средняя степень 11.2; узлов без рёбер: 15 (нулевых PPMI-строк: 10)

--- Графовое распространение (alpha=0.85, 30 итераций, те же фолды) ---
acc=51.7% (majority=49.4%), balanced=27.8%, macro-F1=0.271; вырожденных (нулевых) test-строк: 11
  FUNC    support= 16 P=0.083 R=0.062 F1=0.071
  NAME-F  support= 27 P=0.000 R=0.000 F1=0.000
  NAME-M  support= 88 P=0.558 R=0.875 F1=0.681
  THEO    support= 10 P=0.500 R=0.100 F1=0.167
  VERB    support= 37 P=0.565 R=0.351 F1=0.433
  confusion (истина\предсказание):
              FUNC  NAME-F  NAME-M    THEO    VERB
  FUNC           1       0      12       0       3
  NAME-F         2       0      25       0       0
  NAME-M         6       3      77       0       2
  THEO           1       0       3       1       5
  VERB           2       0      21       1      13
VERB F1 распространения = 0.433 (базлайн 0.500, ориентир Sol 0.571)
контроль (центроид на граф-PPMI признаках якорей): acc=49.4%, balanced=35.1%, macro-F1=0.356, VERB F1=0.522

--- Нуль: перестановка векторов меток между семьями равного размера (механизм Sol, rng(SEED+5)) ---
R=1000; полный CV-цикл распространения на каждой перестановке; null balanced 19.8%±1.8%; наблюдаемое 27.8%; p=0.0010

ВЕРДИКТ: графовое распространение НЕ бьёт центроидный базлайн (balanced 35.3% -> 27.8%, -7.5%; macro-F1 0.356 -> 0.271, -0.085) — публикуемый негатив.

--- Гипотезы (обучение на всех якорях; разведочный слой, p не заявляем) ---
неякорных узлов: 406; с ненулевым сигналом: 402; недостижимых: 4; в CSV топ-300 по margin: results\anchor_graph_hypotheses_v1.csv
класс: гипотез в топ-300 | CV-precision класса (графовый CV, калибровка ожиданий):
  FUNC    гипотез=  0 | CV-precision=0.083
  NAME-F  гипотез=  3 | CV-precision=0.000
  NAME-M  гипотез=163 | CV-precision=0.558
  THEO    гипотез=  0 | CV-precision=0.500
  VERB    гипотез=134 | CV-precision=0.565
первые 10 гипотез (word, freq, class, score, margin):
  venete         n=4   NAME-M  score=0.806 margin=0.719 (2-й: NAME-F)
  tites          n=2   NAME-M  score=0.806 margin=0.719 (2-й: NAME-F)
  purni          n=2   NAME-M  score=0.803 margin=0.700 (2-й: NAME-F)
  uhtave         n=2   NAME-M  score=0.771 margin=0.667 (2-й: VERB)
  fulu           n=2   NAME-M  score=0.749 margin=0.653 (2-й: VERB)
  tutnal         n=3   NAME-M  score=0.758 margin=0.644 (2-й: NAME-F)
  inpa           n=4   NAME-M  score=0.745 margin=0.643 (2-й: FUNC)
  cleniarc       n=2   NAME-M  score=0.754 margin=0.638 (2-й: VERB)
  var            n=8   VERB    score=0.746 margin=0.625 (2-й: NAME-M)
  papa           n=2   NAME-M  score=0.755 margin=0.623 (2-й: NAME-F)
