RETRACT 2026-07-10: Westfall–Young p̃ ниже невалидны без общей перестановки семейства; слот-результаты считать описательными.

=== §5.8: слот-грамматика строки LL + карта свитка ===
нумерованных строк: 121; ненумерованных: 99; R=10000, seed=42

--- позиции классов в строке ---
класс    стор.    n   доля        p   p̃_сем
CAL      нач     24    38%   0.0238   0.2049
CAL      фин     24    12%   0.8645   1.0000
CONJ     нач     34    18%   0.6538   1.0000
CONJ     фин     34    15%   0.8162   1.0000
OFFER    нач     48    21%   0.3390   0.9825
OFFER    фин     48     8%   0.9796   1.0000
THEO     нач     28     4%   0.9976   1.0000
THEO     фин     28    25%   0.2657   0.9398
VACL     нач     20    25%   0.2238   0.9048
VACL     фин     20    15%   0.6603   1.0000
VERB-R   нач     64    17%   0.5619   0.9995
VERB-R   фин     64    11%   0.9416   1.0000

--- порядок пар классов внутри строки (биномиальный нуль 50%) ---
  VACL/THEO: мало совместных строк (1)
  VACL/OFFER: мало совместных строк (3)
  OFFER раньше VERB-R: 8/18 (44%), p=0.7597
  CAL/VACL: мало совместных строк (2)
  THEO раньше VERB-R: 3/12 (25%), p=0.9807

--- 3b. периодный уровень: порядок первых появлений классов ---
периодов (блоки по 5 строк внутри страницы, длина>=3): 44
совместность VACL+THEO: 4 периодов (на уровне строк было 1) — единица ритуала подтверждена как период
пар классов с n>=6 периодов: 9 (Бонферрони x9)
  CAL vs CONJ: CONJ раньше в 4/6 (67%), p=0.3438, p_adj=1.0000
  CAL vs OFFER: CAL раньше в 5/9 (56%), p=0.5000, p_adj=1.0000
  CAL vs THEO: THEO раньше в 6/7 (86%), p=0.0625, p_adj=0.5625
  CAL vs VERB-R: VERB-R раньше в 9/12 (75%), p=0.0730, p_adj=0.6570
  CONJ vs VERB-R: VERB-R раньше в 5/9 (56%), p=0.5000, p_adj=1.0000
  OFFER vs THEO: OFFER раньше в 5/10 (50%), p=0.6230, p_adj=1.0000
  OFFER vs VERB-R: VERB-R раньше в 9/14 (64%), p=0.2120, p_adj=1.0000
  THEO vs VERB-R: VERB-R раньше в 10/15 (67%), p=0.1509, p_adj=1.0000
  VACL vs VERB-R: VERB-R раньше в 6/9 (67%), p=0.2539, p_adj=1.0000

карта свитка: results\ll_scroll_map.csv — 121 точных позиций + 99 интервальных (99 с диапазоном страницы); покрытие позиционированием: 100%
