=== Парсер CIEW ===
лексикон дизамбигуации: 5739 ascii-типов
  7002 (Tabula Capuana (TLE 2)): строк 59, словоформ ~435
  9001 (Liber Linteus (Runes)): строк 130, словоформ ~712
  9002 (Лемносская стела): строк 14, словоформ ~58
  9003 (печень Пьяченцы): строк 43, словоформ ~59
  9011 (Харсекин 1): строк 1, словоформ ~4
  9012 (Харсекин 2): строк 1, словоформ ~4
  9013 (Харсекин 3): строк 1, словоформ ~4
  9014 (Харсекин 4): строк 1, словоформ ~4
  9015 (Харсекин 5): строк 1, словоформ ~2
  9016 (Харсекин 6): строк 1, словоформ ~2
  9021 (Пирги (Паллоттино)): строк 29, словоформ ~89
декод-статистика: {'ocr_ambig': 95, 'ocr_fixed': 23}
большие тексты записаны: data\external\fowler_wolfe\ciew_bigtexts.csv (275 строк)

--- валидация: CIE-записи CIEW ↔ CIEP-часть (совпадающие номера) ---
CIE-записей извлечено (паттерн «номер строка текст»): 1070
номеров, есть и в CIEW-извлечении, и в CIEP-части: 350
сопоставимых пар (≥6 букв, CIEP не чисто-числовая): 277
симметричное сходство: медиана 0.64; ≥0.8: 24%
вложенность (совпавшее/короткая сторона — устойчиво к разнице покрытия памятника): медиана 0.91; ≥0.8: 76%; ≥0.6: 88%
примеры лучших (по вложенности):
  CIE 8419: влож 1.00 симм 1.00  CIEW='laziveianes' CIEP='laziveianes'
  CIE 8416: влож 1.00 симм 1.00  CIEW='misaza' CIEP='misaza'
  CIE 604: влож 1.00 симм 1.00  CIEW='cusine' CIEP='cusine'
  CIE 585: влож 1.00 симм 1.00  CIEW='sapicnal' CIEP='sapicnal'
  CIE 4888: влож 1.00 симм 1.00  CIEW='thaseprsnei' CIEP='thaseprsnei'
примеры худших:
  CIE 1044: влож 0.26 симм 0.24  CIEW='lartiumraneisencusa' CIEP='------------------ncusa'
  CIE 598: влож 0.25 симм 0.25  CIEW='aulessec' CIEP='arnthane'
  CIE 2494: влож 0.25 симм 0.25  CIEW='aunuzrni' CIEP='caprinal'
  CIE 1962: влож 0.14 симм 0.13  CIEW='arcarziu' CIEP='lethias'
  CIE 3491: влож 0.14 симм 0.11  CIEW='velraufisltl' CIEP='iiixxix'
