=== Просопографический каркас (§4) ===
вид: 6788 записей; типов-имён (метки v2): 1183; R=10000, seed=42
вхождений имён в записях с регионом: 1897; основ: 693; записей с ≥2 основами: 350

--- 1. глобальный тест локальности ---
MI(основа, регион) = 1.3587 нат; нуль: среднее 0.9518, max 1.0054; p=0.0001

--- 2. по основам (n≥5: 61 основ; W–Y) ---
регионально сконцентрированы после семейного контроля: 9
основа          n топ-регион   доля        p   p̃_сем
ath            28         Cl    86%   0.0001   0.0001
thania         44         Cl    89%   0.0001   0.0001
tetina         13         Cl   100%   0.0002   0.0014
tutna          14         Cl   100%   0.0002   0.0014
velia          39         Cl    82%   0.0002   0.0014
cai            11         Pe   100%   0.0003   0.0027
vels           10         Cl   100%   0.0009   0.0090
arnth         137         Cl    61%   0.0014   0.0223
thana          46         Cl    70%   0.0030   0.0463
tutne           8         Cl   100%   0.0034   0.0586
lth            38         Cl    71%   0.0042   0.0714
velsu           7         Po   100%   0.0051   0.0946
raf             7         Pe   100%   0.0061   0.1126
seth            7         Pe   100%   0.0063   0.1237
fastia         13         Cl    85%   0.0080   0.1757

--- 3. каркас: со-встречаемость основ (дескриптивно) ---
  arnth + larth: ×17
  larth + vel: ×6
  arnth + vel: ×6
  aule + vel: ×5
  aule + larth: ×5
  vel + velthur: ×4
  larth + velthur: ×4
  lth + tetina: ×4
  tite + vel: ×3
  camna + larth: ×3
  arnth + velthur: ×3
  vel + vipi: ×3
  cae + vel: ×3
формул филиации «X-ген + clan/sec/puia»: ×39

каркас записан: results\prosopography_v1.csv
