FIXED 2026-07-10: совместный нуль — одна общая перестановка порядка слов в записи на replicate (R=5000); прежние p̃ отозваны в §8.

=== Реестр операторов v1 (этап 1) ===
вид: 6788 записей (lang=etr, text, без forgery?); R=10000, seed=42

--- подтверждение глосс реестра по ETP_POS (независимый глоссарий Larth) ---
  mi           ETP_POS: {'mi': ['i']}
  mini         ETP_POS: {'mini': ['me'], 'mine': ['me']}
  clan         ETP_POS: {'clan': ['son']}
  clens        ETP_POS: {'clensi': ['son']}
  sec          ETP_POS: {'sec': ['daughter'], 'sech': ['daughter']}
  puia         ETP_POS: {'puia': ['wife']}
  ati          ETP_POS: {'ati': ['mother']}
  apa          ETP_POS: {'apa': ['father']}
  lupu         ETP_POS: {'lupu': ['dead'], 'lupuce': ['died']}
  svalce       ETP_POS: {'svalce': ['lived'], 'svalthas': ['having lived'], 'svalas': ['living']}
  avils        ETP_POS: {'avils': ['year']}
  avil         ETP_POS: {'avil': ['year']}
  ril          ETP_POS: {'ril': ['age']}
  turce        ETP_POS: {'turce': ['dedicated'], 'turuce': ['dedicated'], 'turice': ['dedicated'], 'turke': ['dedicated']}
  muluvanice   ETP_POS: {'muluvanice': ['gave'], 'mulvanice': ['gave'], 'mulvannice': ['gave']}
  zinace       ETP_POS: {'zinace': ['fashioned', 'made']}
  zilath       ETP_POS: {'zilath': ['governor'], 'zilc': ['governor', 'governorship'], 'zilci': ['governorship'], 'zilachnce': ['served as governor']}
  suthi        ETP_POS: {'suthi': ['tomb'], 'suthith': ['tomb'], 'suthiu': ['placed', 'storehouse']}
  thui         ETP_POS: {'thui': ['here']}
  cver         ETP_POS: {'cver': ['votive offering'], 'cvera': ['votive offering']}
  tular        ETP_POS: {'tular': ['boundary stone']}
  spur         ETP_POS: {'spurana': ['of the community']}
  ame          ETP_POS: {'ame': ['is'], 'amce': ['was']}
  itun         ETP_POS: {'itun': ['this'], 'ita': ['the'], 'eca': ['this'], 'ca': ['the', 'this'], 'cn': ['this'], 'cen': ['this'], 'cehen': ['this']}
  (формы без строки выше в ETP_POS отсутствуют — глосса только по справочникам)

--- позиционные профили (записи с ≥2 словоформами: 1992) ---
оператор     глосса                    n  нач%  фин%   p(нач)   p(фин) p̃_сем(нач) p̃_сем(фин)
mi           я (говорящий предмет)   154   90%    5%   0.0002   1.0000     0.0002     1.0000
mini         меня                     22   82%    0%   0.0002   1.0000     0.0002     1.0000
clan         сын (ном.)               23    0%   43%   1.0000   0.0008     1.0000     0.0100
sec          дочь                     17    0%   82%   1.0000   0.0002     1.0000     0.0002
puia         жена                     17   12%   53%   0.9676   0.0126     1.0000     0.1926
lupu         умер(ший)                11    0%   73%   1.0000   0.0002     1.0000     0.0002
svalce       жил / при жизни           7    0%   43%   1.0000   0.0990     1.0000     0.9158
avils        лет (ген. возраста)      20    5%   25%   0.9492   0.1324     1.0000     0.9868
avil         год                      11    9%   36%   0.9078   0.1032     1.0000     0.9420
ril          в возрасте               13    0%   85%   1.0000   0.0002     1.0000     0.0002
turce        посвятил/дал             23    4%   22%   0.9916   0.4363     1.0000     1.0000
muluvanice   подарил/посвятил         13    0%   54%   1.0000   0.0172     1.0000     0.3073
zinace       сделал/изготовил          6    0%   33%   1.0000   0.4617     1.0000     1.0000
zilath       магистрат(-ство); zila   16   38%   12%   0.1010   0.9342     0.9330     1.0000
suthi        гробница                 19    0%   21%   1.0000   0.5263     1.0000     1.0000
thui         здесь                    13   23%    8%   0.3329   0.9176     1.0000     1.0000
tular        границы                   5  100%    0%   0.0044   1.0000     0.0908     1.0000
ais          бог(и)                    9   22%   11%   0.5533   0.8664     1.0000     1.0000
ame          быть (есть/был)          16    0%   50%   1.0000   0.0022     1.0000     0.0344
itun         этот/эту (дейктики)      43   56%    7%   0.0002   0.9990     0.0002     1.0000
нуль-модель: позиция вхождения равновероятна внутри записи; p̃_сем — Westfall–Young по всему семейству тестов

--- репликация: доля начальных позиций по стратам (n≥5) ---
оператор            ETP       CIEP     рег.Cl     рег.Pe     рег.Ta     рег.AS     рег.Vs
mi               90%/112     88%/42          –          –          –     71%/7      90%/10
mini             82%/22          –          –          –          –          –          –
clan              0%/16          –      0%/6           –      0%/9           –          –
sec               0%/5           –      0%/5       0%/8           –          –          –
puia              0%/6      20%/5       0%/5           –          –          –          –
lupu              0%/7           –          –          –      0%/6           –          –
avils             0%/14          –          –          –      0%/8           –          –
avil              0%/6           –          –          –      0%/5           –          –
ril                   –          –          –          –          –          –          –
turce             0%/18          –          –          –          –          –          –
muluvanice        0%/12          –          –          –          –          –          –
zilath           11%/9      71%/7           –          –          –          –          –
suthi             0%/14      0%/5           –          –          –          –          –
thui             14%/7           –          –          –          –          –          –
ais                   –          –          –          –          –          –          –
ame               0%/8           –          –          –          –          –          –
itun             56%/27     88%/8           –     17%/6           –          –          –

--- слот-шаблоны (классы: OP:имя / GEN? / NUM / GAP / X) ---
мультисловных записей: 1992; уникальных шаблонов (первые 6 слотов): 384; покрытие топ-10: 60%
  × 252  X GEN?
  × 217  X X
  × 159  X X GEN?
  × 127  X X X
  × 111  GEN? GEN?
  ×  88  X X X X X X
  ×  83  X GEN? GEN?
  ×  66  X X X GEN?
  ×  55  X X X X
  ×  39  GEN? X
  ×  37  X X X X X
  ×  32  OP:mi GEN?

--- ассоциация «оператор в тексте ↔ ключевое слово в переводе» ---
переведённых записей вида: 2238
оператор      n_op  n_kw  оба  точн.   база        p   p̃_сем
mi              74    80   57    77%     4%   0.0001   0.0001
mini            19    26   19   100%     1%   0.0001   0.0001
clan            13    66   13   100%     3%   0.0001   0.0001
sec              5   123    5   100%     5%   0.0001   0.0001
puia            11    35    4    36%     2%   0.0001   0.0001
lupu             9    17    7    78%     1%   0.0001   0.0001
svalce           5    11    5   100%     0%   0.0001   0.0001
avils           14    24   14   100%     1%   0.0001   0.0001
avil             6    20    4    67%     1%   0.0001   0.0001
turce           20    69   16    80%     3%   0.0001   0.0001
muluvanice      12    49   12   100%     2%   0.0001   0.0001
zilath          11    12    6    55%     1%   0.0001   0.0001
suthi           12    31   11    92%     1%   0.0001   0.0001
thui            10    13    7    70%     1%   0.0001   0.0001
tular            8    11    8   100%     0%   0.0001   0.0001
ame              8    53    5    62%     2%   0.0001   0.0001
itun            27    59   22    81%     3%   0.0001   0.0001
нуль: перестановка переводов между переведёнными записями

--- классификация записей правилами ПО ТЕКСТУ против золота ПО ПЕРЕВОДУ ---
  эпитафия     pred=  55 gold= 252 TP=  46 точн.= 84% полн.= 18% F1=0.30 p=0.0001
  посвящение   pred=  37 gold=  73 TP=  31 точн.= 84% полн.= 42% F1=0.56 p=0.0001
  говорящий    pred=  90 gold=  80 TP=  73 точн.= 81% полн.= 91% F1=0.86 p=0.0001
  границы      pred=   8 gold=  11 TP=   8 точн.=100% полн.= 73% F1=0.84 p=0.0001

реестр записан: results\operators_v1.csv
