=== Операторы второй позиции (ответ LA-треду) ===
записей ≥3 словоформ: 723; R=10000, seed=42
оператор        n 2-я поз.        p   p̃_сем
ame            12    2 ( 17%)   0.4509   0.9997
avils          17    2 ( 12%)   0.7098   1.0000
clan           16    0 (  0%)   1.0000   1.0000
etnam          20    5 ( 25%)   0.2156   0.9580
fler            8    0 (  0%)   1.0000   1.0000
itun           34    3 (  9%)   0.9560   1.0000
lupu           10    2 ( 20%)   0.4956   1.0000
mi            100    3 (  3%)   1.0000   1.0000
mini           21    0 (  0%)   1.0000   1.0000
muluvanice     11    5 ( 45%)   0.0622   0.5178
puia            8    1 ( 12%)   0.7829   1.0000
sec             5    0 (  0%)   1.0000   1.0000
suthi          12    5 ( 42%)   0.0668   0.5456
svalce          5    0 (  0%)   1.0000   1.0000
thui            9    4 ( 44%)   0.0089   0.0784
turce          21   11 ( 52%)   0.0006   0.0040 *
vacl           15    3 ( 20%)   0.4037   0.9975
zilath         11    0 (  0%)   1.0000   1.0000
zinace          5    2 ( 40%)   0.4361   0.9994
