=== §16: карта свитка v2 (Herbig-якоря) + T1–T3 v2 ===
точных строк: 121; интервальных: 99; якорей: exact 69, interval 55
оффсеты колонок (медиана; в скобках — число пар, 1-парные страхуются интервальной проверкой): III:29(8), IV:54(11), VI:103(9), VII:123(15), IX:175(17), X:201(8), XI:217(1)
geo-оффсеты (интерполяция, ±3-4): II:7, V:76, VIII:146, XII:235
кандидатов с якорем: 55; продвинуто: 19 (из них geo: 14; вне интервала: 27, нет оффсета колонки: 1, слот занят: 8)
карта v2 записана: results\ll_scroll_map_v2.csv (140 строк)

строк в v2: 140; классы: CAL:12, VACL:16, THEO:14, OFFER:29, VERB-R:42, CONJ:20
CAL-строк: 12; CAL-серий: 10

--- T1 v2 ---
  граница 111.5: ближайшая CAL на 0.5
  граница 230.5: ближайшая CAL на 2.5
T1 нуль A: obs=3.0, нуль 14.6±11.2, p=0.0942
T1 нуль B: obs=3.0, нуль 17.6±13.2, p=0.0690
секций: 11; медиана 7, макс 45

--- T2 v2 (совместный нуль сдвигов) ---
  VACL+THEO     вместе:  4; raw p=0.2713
  VACL+OFFER    вместе:  4; raw p=0.6725
  THEO+OFFER    вместе:  6; raw p=0.4743
  VERB-R+THEO     вместе:  7; raw p=0.2858
  VERB-R+VACL     вместе:  6; raw p=0.6017
  VERB-R+OFFER    вместе:  7; raw p=0.5959
  семейный min-p: p̃<=0.9836

--- T3 v2 ---
  VACL    позиция 0.495; p(раньше)=0.4469, p(позже)=0.5532 (raw)
  THEO    позиция 0.382; p(раньше)=0.1019, p(позже)=0.8982 (raw)
  OFFER   позиция 0.442; p(раньше)=0.2087, p(позже)=0.7914 (raw)
  VERB-R  позиция 0.444; p(раньше)=0.0968, p(позже)=0.9033 (raw)
  CONJ    позиция 0.585; p(раньше)=0.8306, p(позже)=0.1695 (raw)

чтение: правила §10 без изменений; выигрыш мощности — от продвинутых строк. Продвижение валидировано двойным источником (Herbig-координата × страничный интервал F&W).
