=== Семантика с учителем: классы слов (этап 3) ===
вид: 6797 записей; R_perm=1000, seed=42
размеченных типов: 1305 (ничьих отброшено: 11); классы: {'NAME-M': 562, 'OTHER': 411, 'NAME-F': 242, 'THEO': 65, 'VERB': 20, 'KIN': 5}
классы с n<15 влиты в OTHER: ['KIN']
итоговые классы: {'NAME-M': 562, 'OTHER': 416, 'NAME-F': 242, 'THEO': 65, 'VERB': 20}
признаков: 1262
train: 1045, test: 260 (стратиф. 80/20)

--- качество на отложенных типах ---
точность NB: 60.4%; мажоритарный: 43.1%; правило суффиксов §2: 44.2%
класс     n_te  точн.  полн.     F1
NAME-F      48    54%    79%   0.64
NAME-M     112    63%    65%   0.64
OTHER       83    63%    55%   0.59
THEO        13     0%     0%   0.00
VERB         4     0%     0%   0.00
матрица ошибок (строки — истина, столбцы — предсказание):
       NAME-F  NAME-M   OTHER    THEO    VERB
NAME-F     38       7       3       0       0
NAME-M     22      73      17       0       0
OTHER       9      28      46       0       0
THEO        2       5       6       0       0
VERB        0       3       1       0       0
перестановочный нуль (R=1000): средняя случайная точность 40.1%, максимум 50.4%; p=0.0010

--- калибровка (CV-отображение бинов; проверка на тесте) ---
бин сырой ув.     n эмп. точн.  калибр. оценка
[0.0, 0.5)       7      57.1%           22.2%
[0.5, 0.7)      45      60.0%           42.5%
[0.7, 0.9)      76      55.3%           54.8%
[0.9, 1.0)     132      63.6%           66.4%

--- гипотезы для непереведённых типов ---
непереведённых типов: 4827; распределение предсказаний: {'NAME-M': 2496, 'OTHER': 1363, 'NAME-F': 967, 'THEO': 1}
гипотезы записаны: results\semantic_hypotheses_v1.csv (сортировка по калиброванной уверенности)
типов с калиброванной уверенностью ≥0.7: 0; ≥0.6: 2733
