=== Калибровка морфем (этап 2) ===
вид: 6090 записей; R=10000, seed=42; порог скрининга: n_типов ≥ 15
ярус A (весь корпус, ascii): 5543 типов; ярус B (ETP, богатые формы): 1147 типов

--- 1. скрининг концовок длины 1–3 (ярус A) ---
k=1: подходящих типов N=5385, с основой-в-словаре K=827 (15%); протестировано концовок: 17
k=2: подходящих типов N=5155, с основой-в-словаре K=1075 (21%); протестировано концовок: 65
k=3: подходящих типов N=4687, с основой-в-словаре K=1280 (27%); протестировано концовок: 44
семейство: m=126 тестов; поправка Бонферрони
суфф.   k  типов поддержка  E[под.]  обог.          p      p_adj
-c      1    126        49     19.4    2.5   7.02e-11   8.84e-09 *
-ta     2     37        17      7.7    2.2   5.24e-04   6.60e-02
-th     2     88        30     18.4    1.6   2.52e-03   3.18e-01
-u      1    269        57     41.3    1.4   5.48e-03   6.90e-01
-nth    3     15         9      4.1    2.2   7.83e-03   9.86e-01
-z      1     34        11      5.2    2.1   1.01e-02   1.00e+00
-x      1     22         8      3.4    2.4   1.29e-02   1.00e+00
-iu     2     38        14      7.9    1.8   1.69e-02   1.00e+00
-ch     2     57        19     11.9    1.6   1.88e-02   1.00e+00
-pa     2     15         7      3.1    2.2   2.24e-02   1.00e+00
-er     2     19         8      4.0    2.0   2.92e-02   1.00e+00
-ve     2     26        10      5.4    1.8   3.01e-02   1.00e+00
-nu     2     26        10      5.4    1.8   3.01e-02   1.00e+00
-ns     2     23         9      4.8    1.9   3.48e-02   1.00e+00
-cu     2     17         7      3.5    2.0   4.60e-02   1.00e+00
-r      1    106        23     16.3    1.4   4.98e-02   1.00e+00
-za     2     28        10      5.8    1.7   4.99e-02   1.00e+00
-s      1   1182       200    181.5    1.1   5.13e-02   1.00e+00
-pi     2     18         7      3.8    1.9   6.21e-02   1.00e+00
-sna    3     26        11      7.1    1.5   7.08e-02   1.00e+00
-pu     2     15         6      3.1    1.9   7.24e-02   1.00e+00
-se     2     30        10      6.3    1.6   7.69e-02   1.00e+00
-le     2     84        23     17.5    1.3   9.14e-02   1.00e+00
-ti     2     55        16     11.5    1.4   9.26e-02   1.00e+00
-sc     2     20         7      4.2    1.7   1.04e-01   1.00e+00
-ru     2     20         7      4.2    1.7   1.04e-01   1.00e+00
-v      1     32         8      4.9    1.6   1.06e-01   1.00e+00
-chu    3     16         7      4.4    1.6   1.18e-01   1.00e+00
* — значимо после Бонферрони (α=0.05)

--- 2. репликация топ-суффиксов по стратам ---
(даты есть у 308 записей ETP-части)
суфф.          ETP        CIEP      рег.Cl      рег.Pe      рег.Ta      рег.AS      рег.Vs     до -550   -550…-300  после -300
-s      32/291  1e 105/870 *2e  24/157 *6e  11/87  *1e   7/72   2e   3/21  *2e   0/63   1e   0/48   1e  12/123  9e   2/25   4e
-l      18/87   9e  35/630  1e   9/225  1e   2/118  1e   0/29   1e   0/45   1e   1/13   1e           –   7/39   2e   1/18   7e
-al     12/57   4e  60/567  1e  19/219  7e   5/114  7e   4/22  *5e   0/44   1e   0/10   1e           –   6/25   2e   2/11   1e
-ial     5/18   3e  48/459  1e   9/173  1e   3/101  9e   2/13   2e   1/32   9e   1/9    3e           –   2/6    2e           –
-us      8/40   5e  17/114  3e   3/22   3e   1/9    4e   3/11  *3e           –   0/9    1e           –   6/24   1e           –
-sa      5/27   6e  57/338 *2e  24/179 *3e   4/44   1e   1/12   6e   2/21   1e           –           –   2/11   5e           –
-ce      5/32   8e   4/64   1e   0/6    1e           –   1/12   6e           –           –   0/8    1e   1/11   8e           –
-thi     3/15   6e   5/30   6e   1/5    4e   0/7    1e   0/6    1e           –   0/5    1e           –   1/9    7e           –
-isa     2/11   7e  36/109 *2e  18/53  *2e   3/18  *4e   2/6   *4e   4/10  *1e           –           –   2/6    2e           –
-la      2/12   7e   7/38   2e           –   0/5    1e   1/6    3e           –           –           –   1/7    7e           –
-na     10/43   3e  28/206  5e   2/40   9e   0/6    1e   0/6    1e   0/8    1e   1/14   3e   0/7    1e   2/18   8e   1/6    3e
-ei      1/14   9e   5/79   1e   3/32   6e           –           –   0/5    1e           –           –           –           –
в ячейке: поддержка/типов, * — p<0.05 (без семейной поправки — репликация знака, не открытие)

--- 3. ярус B (ETP, богатые формы): -s vs -σ/-ś/-š ---
  конечные s       : типов  235, поддержка  22 (E=30.9), p=9.83e-01
  конечные σ/ś/š/ς : типов   69, поддержка   8 (E=9.1), p=7.10e-01

--- 4a. парный тест парадигм (основа с двумя суффиксами) ---
универсум основ |U|=3888; пар протестировано: 91 (двусторонне; Бонферрони ×182)
ОБОГАЩЕНИЕ (общая основа с двумя суффиксами = падежная парадигма):
пара         |A|   |B|    ∩    E[∩]          p      p_adj
-ial/-ei       453    89   16    10.4   4.92e-02   1.00e+00
-na/-thi      225    41    5     2.4   8.54e-02   1.00e+00
-isa/-c        116   113    5     3.4   2.47e-01   1.00e+00
-thi/-c         41   113    2     1.2   3.36e-01   1.00e+00
-la/-na        44   225    3     2.5   4.73e-01   1.00e+00
-ce/-thi       79    41    1     0.8   5.71e-01   1.00e+00
-thi/-ei        41    89    1     0.9   6.15e-01   1.00e+00
-na/-c        225   113    6     6.5   6.47e-01   1.00e+00
ДЕПРЕССИЯ (комплементарное распределение — основа берёт только один из двух):
пара         |A|   |B|    ∩    E[∩]          p      p_adj
-s/-al      1167   608   16   182.5   3.73e-78   6.79e-76 *
-s/-l       1167   699   42   209.8   1.63e-65   2.97e-63 *
-l/-al       699   608    3   109.3   2.65e-52   4.83e-50 *
-s/-ial     1167   453   17   136.0   7.63e-51   1.39e-48 *
-l/-ial      699   453   12    81.4   1.89e-26   3.44e-24 *
-al/-sa       608   357    8    55.8   3.76e-18   6.84e-16 *
-s/-na      1167   225   16    67.5   4.60e-18   8.36e-16 *
-l/-sa       699   357   13    64.2   1.02e-17   1.85e-15 *
-s/-isa     1167   116    2    34.8   6.85e-16   1.25e-13 *
-s/-us      1167   151    7    45.3   1.45e-15   2.63e-13 *
значимых пар-парадигм: 0; значимо комплементарных: 10 → [('s', 'al'), ('s', 'l'), ('l', 'al'), ('s', 'ial'), ('l', 'ial'), ('al', 'sa'), ('s', 'na'), ('l', 'sa'), ('s', 'isa'), ('s', 'us')]

--- 4b. парадигмы: основа + ≥2 суффикса из значимых пар ---
основ с ≥2 суффиксами: 0; с ≥3: 0; с голой формой вдобавок: 0

--- 5. семантика морфем по глоссам (одно-словные переведённые записи) ---
одно-словных переведённых записей: 1533
  -al ↔ генитив глоссы         n_w= 166 оба=  10 точн.=  6% база=  7% p=0.6910
  -s ↔ генитив глоссы          n_w= 211 оба=  31 точн.= 15% база=  7% p=0.0001
  -(i)sa ↔ посессив/супруж.    n_w=  79 оба=  66 точн.= 84% база= 15% p=0.0001
  -ce ↔ глагольная глосса      n_w=  20 оба=   4 точн.= 20% база=  2% p=0.0003
  -c ↔ «and» (энклитика)       n_w=  12 оба=   3 точн.= 25% база=  1% p=0.0001
  (семейная поправка Бонферрони ×5: значимо при p<0.01)

--- пол имени (глоссы Хилла mr-/mrs-) ↔ концовки слова ---
мужских глосс: 540; женских: 253
конц.    муж%   жен%    |Δ|        p   p̃_сем
-i         7%    39%   0.32   0.0001   0.0001
-l        10%    34%   0.24   0.0001   0.0001
-al        9%    33%   0.24   0.0001   0.0001
-s        26%     2%   0.24   0.0001   0.0001
-ei        1%    11%   0.10   0.0001   0.0001
-a        28%    19%   0.10   0.0049   0.0340
-as        9%     0%   0.09   0.0001   0.0001
-es        8%     1%   0.07   0.0002   0.0008
-u         8%     1%   0.07   0.0003   0.0018
-e         9%     2%   0.07   0.0010   0.0074
нуль: перестановка пола между словами; W–Y по 10 тестам

таблица суффиксов записана: results\morphemes_v1.csv
