=== Аудит Sol №2: held-out продуктивная морфология (MDL) ===
корпус v0.8; канонический вид: 6788 записей
памятников: 5255; сплит по памятникам (seed=42): train 4204 / test 1051
train: 5561 записей, 8547 токенов, 5213 типов; test: 1227 записей, 1666 токенов, 1330 типов
алфавит train: 26 символов; H0 = log2(26+1) = 4.7549 бит/симв
кандидатов (конечные подстроки 1..4, основа>=3, типов>=15): 126 (по длинам: {1: 16, 2: 55, 3: 35, 4: 20})

--- жадный рост лексикона суффиксов (MDL, train) ---
замечание (негатив литеральной процедуры): назначение анализов по чистой data-стоимости токена даёт вырожденный S=∅ — все кандидаты откатываются точным пересчётом, т.к. ~2/3 DL лежит в лексиконе основ; здесь назначение = argmin полной поштучной дельты DL (данные + лексикон основ), как в Morfessor Baseline
DL старт (S={∅}): 303549.2 бит = модель 203166.8 + данные 100382.3
+ '-s': прибл. 6001.5 бит; точный DL 303549.2 → 297542.1 (выигрыш 6007.1); переключено 926, в финале раунда назначено 925 типов
+ '-al': прибл. 5098.2 бит; точный DL 297542.1 → 292440.5 (выигрыш 5101.6); переключено 505, в финале раунда назначено 505 типов
+ '-sa': прибл. 3759.9 бит; точный DL 292440.5 → 288360.2 (выигрыш 4080.3); переключено 303, в финале раунда назначено 303 типов
+ '-ial': прибл. 2449.1 бит; точный DL 288360.2 → 285658.8 (выигрыш 2701.4); переключено 318, в финале раунда назначено 320 типов
+ '-i': прибл. 2003.2 бит; точный DL 285658.8 → 283461.4 (выигрыш 2197.4); переключено 529, в финале раунда назначено 529 типов
+ '-a': прибл. 1965.0 бит; точный DL 283461.4 → 281069.9 (выигрыш 2391.5); переключено 534, в финале раунда назначено 534 типов
+ '-e': прибл. 1517.7 бит; точный DL 281069.9 → 279253.1 (выигрыш 1816.8); переключено 416, в финале раунда назначено 416 типов
+ '-as': прибл. 1492.7 бит; точный DL 279253.1 → 277543.0 (выигрыш 1710.0); переключено 283, в финале раунда назначено 283 типов
+ '-ies': прибл. 1005.9 бит; точный DL 277543.0 → 276443.0 (выигрыш 1100.0); переключено 88, в финале раунда назначено 88 типов
+ '-u': прибл. 851.1 бит; точный DL 276443.0 → 275573.0 (выигрыш 870.0); переключено 41, в финале раунда назначено 41 типов
+ '-ei': прибл. 843.3 бит; точный DL 275573.0 → 274701.2 (выигрыш 871.8); переключено 80, в финале раунда назначено 79 типов
+ '-c': прибл. 707.4 бит; точный DL 274701.2 → 273981.8 (выигрыш 719.5); переключено 26, в финале раунда назначено 26 типов
+ '-na': прибл. 683.6 бит; точный DL 273981.8 → 273131.5 (выигрыш 850.3); переключено 131, в финале раунда назначено 131 типов
+ '-nas': прибл. 666.4 бит; точный DL 273131.5 → 272385.5 (выигрыш 746.0); переключено 140, в финале раунда назначено 141 типов
+ '-l': прибл. 649.5 бит; точный DL 272385.5 → 271733.3 (выигрыш 652.2); переключено 30, в финале раунда назначено 29 типов
+ '-us': прибл. 624.8 бит; точный DL 271733.3 → 271018.1 (выигрыш 715.2); переключено 90, в финале раунда назначено 90 типов
+ '-es': прибл. 600.2 бит; точный DL 271018.1 → 270408.6 (выигрыш 609.5); переключено 115, в финале раунда назначено 115 типов
+ '-lisa': прибл. 510.4 бит; точный DL 270408.6 → 269715.4 (выигрыш 693.2); переключено 70, в финале раунда назначено 70 типов
+ '-nial': прибл. 456.2 бит; точный DL 269715.4 → 269117.4 (выигрыш 598.0); переключено 74, в финале раунда назначено 73 типов
+ '-is': прибл. 430.4 бит; точный DL 269117.4 → 268687.1 (выигрыш 430.4); переключено 61, в финале раунда назначено 61 типов
+ '-ia': прибл. 421.6 бит; точный DL 268687.1 → 268199.1 (выигрыш 488.0); переключено 92, в финале раунда назначено 91 типов
+ '-th': прибл. 413.0 бит; точный DL 268199.1 → 267726.1 (выигрыш 473.0); переключено 53, в финале раунда назначено 53 типов
+ '-iesa': прибл. 401.0 бит; точный DL 267726.1 → 267262.0 (выигрыш 464.1); переключено 24, в финале раунда назначено 24 типов
+ '-eial': прибл. 357.0 бит; точный DL 267262.0 → 266822.8 (выигрыш 439.1); переключено 35, в финале раунда назначено 35 типов
+ '-nei': прибл. 355.7 бит; точный DL 266822.8 → 266450.6 (выигрыш 372.2); переключено 41, в финале раунда назначено 42 типов
+ '-um': прибл. 300.8 бит; точный DL 266450.6 → 266149.8 (выигрыш 300.8); переключено 21, в финале раунда назначено 21 типов
+ '-asi': прибл. 299.3 бит; точный DL 266149.8 → 265850.5 (выигрыш 299.3); переключено 23, в финале раунда назначено 23 типов
+ '-ce': прибл. 279.6 бит; точный DL 265850.5 → 265537.2 (выигрыш 313.4); переключено 57, в финале раунда назначено 57 типов
+ '-sla': прибл. 267.8 бит; точный DL 265537.2 → 265267.5 (выигрыш 269.7); переключено 17, в финале раунда назначено 17 типов
+ '-si': прибл. 248.6 бит; точный DL 265267.5 → 265006.1 (выигрыш 261.4); переключено 41, в финале раунда назначено 41 типов
+ '-thi': прибл. 227.9 бит; точный DL 265006.1 → 264718.8 (выигрыш 287.3); переключено 31, в финале раунда назначено 31 типов
+ '-ias': прибл. 227.8 бит; точный DL 264718.8 → 264409.2 (выигрыш 309.6); переключено 40, в финале раунда назначено 40 типов
+ '-esa': прибл. 263.4 бит; точный DL 264409.2 → 264096.9 (выигрыш 312.3); переключено 39, в финале раунда назначено 39 типов
+ '-n': прибл. 242.7 бит; точный DL 264096.9 → 263854.2 (выигрыш 242.7); переключено 13, в финале раунда назначено 13 типов
+ '-le': прибл. 218.5 бит; точный DL 263854.2 → 263566.4 (выигрыш 287.8); переключено 54, в финале раунда назначено 54 типов
+ '-r': прибл. 198.7 бит; точный DL 263566.4 → 263337.8 (выигрыш 228.6); переключено 13, в финале раунда назначено 13 типов
+ '-unia': прибл. 192.2 бит; точный DL 263337.8 → 263145.6 (выигрыш 192.2); переключено 11, в финале раунда назначено 11 типов
+ '-isa': прибл. 187.5 бит; точный DL 263145.6 → 262955.1 (выигрыш 190.4); переключено 19, в финале раунда назначено 18 типов
+ '-ti': прибл. 173.1 бит; точный DL 262955.1 → 262726.6 (выигрыш 228.5); переключено 38, в финале раунда назначено 38 типов
+ '-la': прибл. 166.1 бит; точный DL 262726.6 → 262560.6 (выигрыш 166.1); переключено 28, в финале раунда назначено 28 типов
+ '-ac': прибл. 165.9 бит; точный DL 262560.6 → 262390.6 (выигрыш 170.0); переключено 16, в финале раунда назначено 16 типов
+ '-h': прибл. 164.5 бит; точный DL 262390.6 → 262226.0 (выигрыш 164.5); переключено 9, в финале раунда назначено 9 типов
+ '-ri': прибл. 160.1 бит; точный DL 262226.0 → 261995.4 (выигрыш 230.6); переключено 28, в финале раунда назначено 28 типов
+ '-z': прибл. 151.9 бит; точный DL 261995.4 → 261843.5 (выигрыш 151.9); переключено 7, в финале раунда назначено 7 типов
+ '-asa': прибл. 140.8 бит; точный DL 261843.5 → 261673.0 (выигрыш 170.5); переключено 40, в финале раунда назначено 40 типов
+ '-iu': прибл. 130.1 бит; точный DL 261673.0 → 261510.9 (выигрыш 162.2); переключено 18, в финале раунда назначено 18 типов
+ '-nias': прибл. 123.8 бит; точный DL 261510.9 → 261366.7 (выигрыш 144.2); переключено 15, в финале раунда назначено 15 типов
+ '-an': прибл. 120.8 бит; точный DL 261366.7 → 261221.1 (выигрыш 145.6); переключено 22, в финале раунда назначено 22 типов
+ '-ne': прибл. 125.1 бит; точный DL 261221.1 → 261020.9 (выигрыш 200.2); переключено 37, в финале раунда назначено 37 типов
+ '-usa': прибл. 119.1 бит; точный DL 261020.9 → 260897.2 (выигрыш 123.7); переключено 19, в финале раунда назначено 19 типов
+ '-ta': прибл. 118.3 бит; точный DL 260897.2 → 260698.0 (выигрыш 199.2); переключено 27, в финале раунда назначено 27 типов
+ '-nal': прибл. 136.7 бит; точный DL 260698.0 → 260386.8 (выигрыш 311.2); переключено 46, в финале раунда назначено 45 типов
+ '-v': прибл. 111.8 бит; точный DL 260386.8 → 260275.0 (выигрыш 111.8); переключено 5, в финале раунда назначено 5 типов
+ '-t': прибл. 111.8 бит; точный DL 260275.0 → 260163.2 (выигрыш 111.8); переключено 6, в финале раунда назначено 6 типов
+ '-ke': прибл. 108.9 бит; точный DL 260163.2 → 260054.3 (выигрыш 108.9); переключено 5, в финале раунда назначено 5 типов
+ '-p': прибл. 106.6 бит; точный DL 260054.3 → 259947.7 (выигрыш 106.6); переключено 4, в финале раунда назначено 4 типов
+ '-va': прибл. 105.5 бит; точный DL 259947.7 → 259842.2 (выигрыш 105.5); переключено 6, в финале раунда назначено 6 типов
+ '-thas': прибл. 104.3 бит; точный DL 259842.2 → 259659.4 (выигрыш 182.8); переключено 9, в финале раунда назначено 9 типов
+ '-un': прибл. 100.9 бит; точный DL 259659.4 → 259558.5 (выигрыш 100.9); переключено 23, в финале раунда назначено 23 типов
+ '-ra': прибл. 95.3 бит; точный DL 259558.5 → 259432.5 (выигрыш 126.0); переключено 25, в финале раунда назначено 25 типов
стоп: |S \ {∅}| достиг 60
итог: |S \ {∅}| = 60; DL 259432.5 бит (сжатие против старта: 14.53%)
суффиксы (порядок добавления): -s -al -sa -ial -i -a -e -as -ies -u -ei -c -na -nas -l -us -es -lisa -nial -is -ia -th -iesa -eial -nei -um -asi -ce -sla -si -thi -ias -esa -n -le -r -unia -isa -ti -la -ac -h -ri -z -asa -iu -nias -an -ne -usa -ta -nal -v -t -ke -p -va -thas -un -ra

--- (a) сжатие test-потока (памятники не пересекаются с train) ---
test-токенов: 1666; новых типов (OOV): 907 из 1330 (56.7% токенов)
биты/токен: MDL-модель 22.468 | B0 (unigram типов + char-backoff) 31.491 | B1 (char-3gram add-0.5) 23.182
модель vs B0: +9.023 бит/токен; модель vs B1: +0.714 бит/токен (положительное = модель лучше)

--- (b) продуктивность: новые test-типы = train-основа + суффикс ---
разложимы: 257 из 907 новых типов (28.3%)
нуль (R=200, случайные наборы из пула, тот же мультинабор длин): среднее 20.5%, max 25.6%; p = 0.0050

--- (c) сверка с известными формантами (REF, Wallace 2008) ---
|S∩REF| = 16 из |S\{∅}| = 60 → точность 26.7%; нуль: среднее 17.7%, max 26.7%; p = 0.0100
S∩REF: -a -al -ce -e -i -ial -isa -ke -l -na -ri -s -sa -si -thi -u
S\REF: -ac -an -as -asa -asi -c -ei -eial -es -esa -h -ia -ias -ies -iesa -is -iu -la -le -lisa -n -nal -nas -ne -nei -nial -nias -p -r -ra -sla -t -ta -th -thas -ti -um -un -unia -us -usa -v -va -z

--- (d) парадигмы (train, финальные анализы) ---
основ с >=2 разными непустыми суффиксами: 547 из 3878
топ-15 по токенам основы:
  larthi     n= 91  ∅(75) -a(8) -as(3) -ia(2) -an(1) -ias(1) -na(1)
  arnth      n= 88  ∅(67) -al(14) -i(4) -ei(1) -ias(1) -nial(1)
  larth      n= 75  ∅(72) -as(2) -es(1)
  vel        n= 58  ∅(50) -i(2) -iesa(2) -e(1) -isa(1) -nial(1) -ta(1)
  thana      n= 50  ∅(44) -s(4) -sa(2)
  thania     n= 47  ∅(44) -s(2) -v(1)
  aule       n= 46  ∅(26) -s(8) -sa(7) -si(2) -sla(2) -le(1)
  vipi       n= 38  ∅(10) -al(9) -nial(7) -nal(6) -a(2) -es(2) -esa(1) -u(1)
  velus      n= 31  ∅(13) -a(12) -la(2) -i(1) -ke(1) -na(1) -um(1)
  tite       n= 29  ∅(18) -s(7) -al(1) -nas(1) -sa(1) -si(1)
  larthal    n= 25  ∅(19) -isa(3) -c(1) -p(1) -s(1)
  laris      n= 24  ∅(21) -a(2) -c(1)
  lart       n= 24  ∅(16) -i(2) -iu(2) -ia(1) -le(1) -th(1) -us(1)
  clan       n= 23  ∅(20) -c(2) -iu(1)
  fastia     n= 23  ∅(18) -s(4) -nas(1)

csv записан: results\mdl_suffixes_v1.csv (60 суффиксов)
время: 2.9 с
