=== §7: концепт-лексикон и фонетический зонд ===
понятий: 290; форм со скелетами ≥2: 1523; языков: 7
нуль конвергенции: пул 58000 значений, средний счёт 0.04; конвергентных понятий (счёт≥2, p<0.05): 16
топ конвергентных (Wanderwort-кандидаты):
  shekel-weight    пар≥0.7: 6, p=0.0000
  cumin            пар≥0.7: 5, p=0.0000
  garlic           пар≥0.7: 3, p=0.0002
  heart            пар≥0.7: 3, p=0.0002
  purple dye       пар≥0.7: 2, p=0.0007
  cup              пар≥0.7: 2, p=0.0007
  ox/bull          пар≥0.7: 2, p=0.0007
  cypress          пар≥0.7: 2, p=0.0007
  cedar            пар≥0.7: 2, p=0.0007
  house            пар≥0.7: 2, p=0.0007
  oven             пар≥0.7: 2, p=0.0007
  letter-missive   пар≥0.7: 2, p=0.0007
  father           пар≥0.7: 2, p=0.0007
  three            пар≥0.7: 2, p=0.0007
  eight            пар≥0.7: 2, p=0.0007
этрусских типов: 6143; с известными глоссами: 2137
форм в зонде: 699 (ярус A конвергентный: 87; ярус B контактный grc/lat: 612)

--- валидация: известные слова (hit@1/hit@5 против перестановки) ---
известных слов с кандидатами (sim≥0.75): 911
hit@1: 3 (нуль 1.5±1.2), p=0.1998
hit@5: 10 (нуль 4.2±2.1), p=0.0130
контроли:
  vinum      глосса='wine'                           топ-концепт: wine (вино) sim=1.00
  qutum      глосса='wine pitcher'                   топ-концепт: to-build (строить) sim=1.00
  culichna   кандидатов ≥0.75 нет
  pruchum    глосса='jug'                            топ-концепт: dowry (приданое) sim=1.00
  clan       глосса='son'                            топ-концепт: cloak (плащ) sim=1.00
  avil       кандидатов ≥0.75 нет
  suthi      кандидатов ≥0.75 нет
  puia       кандидатов ≥0.75 нет
  tular      кандидатов ≥0.75 нет

туман записан: results\concept_fog_v1.csv — 3018 слов с sim≥0.75; точность слоя оценивать по hit@1 валидации выше, не выше её
