=== Семантика v2: контекст + ETP_POS (этап 3v2) ===
вид: 5858 записей; R_perm=1000, seed=42
метки: Хилл 1305 типов; ETP_POS 518 типов (в корпусе); конфликтов 32 — приоритет ETP_POS
   конфликт: amce: ETP_POS=VERB vs Хилл=OTHER
   конфликт: arnthal: ETP_POS=NAME-M vs Хилл=NAME-F
   конфликт: arnthial: ETP_POS=NAME-M vs Хилл=NAME-F
   конфликт: cecha: ETP_POS=FUNC vs Хилл=VERB
   конфликт: celatinas: ETP_POS=NAME-M vs Хилл=NAME-F
   конфликт: cenu: ETP_POS=VERB vs Хилл=OTHER
   конфликт: clthi: ETP_POS=FUNC vs Хилл=OTHER
   конфликт: cracial: ETP_POS=NAME-F vs Хилл=NAME-M
размеченных типов: 1749; классы: {'NAME-M': 791, 'OTHER': 398, 'NAME-F': 334, 'THEO': 98, 'VERB': 94, 'FUNC': 29, 'KIN': 5}
классы с n<15 влиты в OTHER: ['KIN']
итоговые классы: {'NAME-M': 791, 'OTHER': 403, 'NAME-F': 334, 'THEO': 98, 'VERB': 94, 'FUNC': 29}
признаков: 1531
train: 1403, test: 346

--- качество (отложенные 346 типов) ---
точность NB v2: 60.4%; мажоритарный: 45.7% (v1 было: 60.0% при 5 классах — прямое сравнение см. ниже)
класс     n_te  точн.  полн.     F1
FUNC         5     0%     0%   0.00
NAME-F      66    55%    59%   0.57
NAME-M     158    65%    65%   0.65
OTHER       80    56%    76%   0.65
THEO        19     0%     0%   0.00
VERB        18    67%    33%   0.44
матрица ошибок (строки — истина):
           FUNC  NAME-F  NAME-M   OTHER    THEO    VERB
FUNC          0       0       5       0       0       0
NAME-F        0      39      18       9       0       0
NAME-M        0      25     103      28       0       2
OTHER         0       4      14      61       0       1
THEO          0       3       8       8       0       0
VERB          0       0      10       2       0       6
абляция (только формальные признаки, те же метки): 59.5% → вклад контекста: +0.9%
перестановочный нуль: среднее 40.6%, max 48.8%, p=0.0010

--- калибровка на тесте ---
[0.0,0.5) n=   3 эмп=33.3% калибр=25.0%
[0.5,0.7) n=  39 эмп=43.6% калибр=42.7%
[0.7,0.9) n=  67 эмп=52.2% калибр=47.6%
[0.9,1.0) n= 237 эмп=65.8% калибр=65.3%

--- гипотезы v2: 3181 непереведённых типов ---
распределение: {'NAME-M': 1549, 'OTHER': 802, 'NAME-F': 771, 'VERB': 54, 'THEO': 5}
калиброванная уверенность ≥0.7: 0; ≥0.6: 2245
гипотезы записаны: results\semantic_hypotheses_v2.csv
