=== §6: Лемносская стела — тирренская параллель ===
этрусский словарь: 5385 типов; инвентарь финальных биграмм (≥5 типов): 119
лемнийских токенов: 31: ['holme', 'natfchtziazi', 'maraz', 'mav', 'sialchvei', 'evistho', 'zeronale', 'zivai', 'vamalasial', 'zeronai', 'morinail', 'aker', 'tav', 'arzio', 'okiasiale', 'zerozale', 'evirtho', 'haralio', 'zivai', 'eptezio', 'ara', 'oke', 'zivai', 'aviz', 'sialchviz', 'aviz', 'aom', 'arzir', 'aze', 'pelerloch', 'varthameza']

--- тест этрусковидности концовок (нуль: скрэмбл букв в слове) ---
  лемнийский (CIEW)      токенов   31: доля этрусских финальных биграмм 84% (нуль 61%±8%), z=+2.8, p=0.0024
  латынь (контроль)      токенов  188: доля этрусских финальных биграмм 91% (нуль 65%±3%), z=+8.3, p=0.0001
  умбрский (контроль)    токенов  177: доля этрусских финальных биграмм 80% (нуль 56%±4%), z=+6.4, p=0.0001
  кельтский (контроль)   токенов   11: доля этрусских финальных биграмм 91% (нуль 50%±15%), z=+2.8, p=0.0044

--- финальное -l (генитив II -l/-al — тирренский маркёр) ---
  этрусский словарь: 13.4% типов на -l
  лемнийский   2/31 (6.5%)
  латынь       3/188 (1.6%)
  умбрский     0/177 (0.0%)
  лемнийский > латынь по -l: p=0.1476; > умбрский: p=0.0216 (гипергеометрический, односторонний)

--- кандидаты-когнаты (разведочно, без p) ---
  ara            ~ ara (точное)
  arzio          ~ arzia
  arzir          ~ arzia
  evistho        ~ evistho (точное)
  pelerloch      ~ peleas, peleis
  zivai          ~ zivas
